<?xml version="1.0" encoding="UTF-8"?>
<testng-results skipped="0" failed="0" total="1" passed="1">
  <reporter-output>
  </reporter-output>
  <suite name="Default suite" duration-ms="1182" started-at="2020-03-19T13:45:51Z" finished-at="2020-03-19T13:45:53Z">
    <groups>
    </groups>
    <test name="Default test" duration-ms="1182" started-at="2020-03-19T13:45:51Z" finished-at="2020-03-19T13:45:53Z">
      <class name="APITesting.com.org.api.PostRequestWithArrays">
        <test-method status="PASS" signature="test_01()[pri:0, instance:APITesting.com.org.api.PostRequestWithArrays@39aeed2f]" name="test_01" duration-ms="1172" started-at="2020-03-19T19:15:51Z" finished-at="2020-03-19T19:15:53Z">
          <reporter-output>
          </reporter-output>
        </test-method> <!-- test_01 -->
      </class> <!-- APITesting.com.org.api.PostRequestWithArrays -->
    </test> <!-- Default test -->
  </suite> <!-- Default suite -->
</testng-results>
